<?xml version="1.0" encoding="UTF-8"?>
<!-- Generated by org.testng.reporters.JUnitReportReporter -->
<testsuite skipped="0" hostname="XPS13" name="com.CostcoTest.testCases.ExtentReportTest" tests="1" failures="0" timestamp="07 Jan 2021 15:16:33 GMT" time="0.346" errors="0">
  <testcase name="loginTestCase" time="0.346" classname="com.CostcoTest.testCases.ExtentReportTest"/>
</testsuite> <!-- com.CostcoTest.testCases.ExtentReportTest -->
