<?xml version="1.0" encoding="UTF-8"?>
<!-- Generated by org.testng.reporters.JUnitReportReporter -->
<testsuite skipped="0" hostname="XPS13" name="com.CostcoTest.testCases.TC001_CostcoSearchItem" tests="1" failures="0" timestamp="07 Jan 2021 19:43:46 GMT" time="35.434" errors="0">
  <testcase name="searchItemTest" time="35.434" classname="com.CostcoTest.testCases.TC001_CostcoSearchItem"/>
</testsuite> <!-- com.CostcoTest.testCases.TC001_CostcoSearchItem -->
